<?xml version="1.0" encoding="UTF-8"?>
<testng-results skipped="0" failed="0" ignored="0" total="1" passed="1">
  <reporter-output>
  </reporter-output>
  <suite name="Surefire suite" duration-ms="3032" started-at="2021-11-08T08:06:33Z" finished-at="2021-11-08T08:06:36Z">
    <groups>
    </groups>
    <test name="Surefire test" duration-ms="3032" started-at="2021-11-08T08:06:33Z" finished-at="2021-11-08T08:06:36Z">
      <class name="com.example.NewTest">
        <test-method status="PASS" signature="beforeTest()[pri:0, instance:com.example.NewTest@30c7da1e]" name="beforeTest" is-config="true" duration-ms="1854" started-at="2021-11-08T08:06:33Z" finished-at="2021-11-08T08:06:35Z">
          <reporter-output>
          </reporter-output>
        </test-method> <!-- beforeTest -->
        <test-method status="PASS" signature="testEasy()[pri:0, instance:com.example.NewTest@30c7da1e]" name="testEasy" duration-ms="602" started-at="2021-11-08T08:06:35Z" finished-at="2021-11-08T08:06:36Z">
          <reporter-output>
          </reporter-output>
        </test-method> <!-- testEasy -->
        <test-method status="PASS" signature="afterTest()[pri:0, instance:com.example.NewTest@30c7da1e]" name="afterTest" is-config="true" duration-ms="560" started-at="2021-11-08T08:06:36Z" finished-at="2021-11-08T08:06:36Z">
          <reporter-output>
          </reporter-output>
        </test-method> <!-- afterTest -->
      </class> <!-- com.example.NewTest -->
    </test> <!-- Surefire test -->
  </suite> <!-- Surefire suite -->
</testng-results>
